[    33.027] (--) Log file renamed from "/home/lrtinarelli/.local/share/xorg/Xorg.pid-2951.log" to "/home/lrtinarelli/.local/share/xorg/Xorg.0.log"
[    33.028] 
X.Org X Server 1.21.1.11
X Protocol Version 11, Revision 0
[    33.028] Current Operating System: Linux lrtinarelli 6.11.0-26-generic #26~24.04.1-Ubuntu SMP PREEMPT_DYNAMIC Thu Apr 17 19:20:47 UTC 2 x86_64
[    33.028] Kernel command line: BOOT_IMAGE=/vmlinuz-6.11.0-26-generic root=/dev/mapper/ubuntu--vg-ubuntu--lv ro quiet splash vt.handoff=7
[    33.028] xorg-server 2:21.1.12-1ubuntu1.3 (For technical support please see http://www.ubuntu.com/support) 
[    33.028] Current version of pixman: 0.42.2
[    33.028] 	Before reporting problems, check http://wiki.x.org
	to make sure that you have the latest version.
[    33.028] Markers: (--) probed, (**) from config file, (==) default setting,
	(++) from command line, (!!) notice, (II) informational,
	(WW) warning, (EE) error, (NI) not implemented, (??) unknown.
[    33.028] (==) Log file: "/home/lrtinarelli/.local/share/xorg/Xorg.0.log", Time: Thu May 29 12:49:49 2025
[    33.028] (==) Using system config directory "/usr/share/X11/xorg.conf.d"
[    33.029] (==) No Layout section.  Using the first Screen section.
[    33.029] (==) No screen section available. Using defaults.
[    33.029] (**) |-->Screen "Default Screen Section" (0)
[    33.029] (**) |   |-->Monitor "<default monitor>"
[    33.029] (==) No monitor specified for screen "Default Screen Section".
	Using a default monitor configuration.
[    33.029] (**) Allowing byte-swapped clients
[    33.029] (==) Automatically adding devices
[    33.029] (==) Automatically enabling devices
[    33.029] (==) Automatically adding GPU devices
[    33.029] (==) Automatically binding GPU devices
[    33.029] (==) Max clients allowed: 256, resource mask: 0x1fffff
[    33.029] (WW) The directory "/usr/share/fonts/X11/cyrillic" does not exist.
[    33.029] 	Entry deleted from font path.
[    33.029] (WW) The directory "/usr/share/fonts/X11/100dpi/" does not exist.
[    33.029] 	Entry deleted from font path.
[    33.029] (WW) The directory "/usr/share/fonts/X11/75dpi/" does not exist.
[    33.029] 	Entry deleted from font path.
[    33.029] (WW) The directory "/usr/share/fonts/X11/100dpi" does not exist.
[    33.029] 	Entry deleted from font path.
[    33.029] (WW) The directory "/usr/share/fonts/X11/75dpi" does not exist.
[    33.029] 	Entry deleted from font path.
[    33.029] (==) FontPath set to:
	/usr/share/fonts/X11/misc,
	/usr/share/fonts/X11/Type1,
	built-ins
[    33.029] (==) ModulePath set to "/usr/lib/xorg/modules"
[    33.029] (II) The server relies on udev to provide the list of input devices.
	If no devices become available, reconfigure udev or disable AutoAddDevices.
[    33.029] (II) Loader magic: 0x637976969020
[    33.029] (II) Module ABI versions:
[    33.029] 	X.Org ANSI C Emulation: 0.4
[    33.029] 	X.Org Video Driver: 25.2
[    33.029] 	X.Org XInput driver : 24.4
[    33.029] 	X.Org Server Extension : 10.0
[    33.030] (++) using VT number 2

[    33.031] (II) systemd-logind: took control of session /org/freedesktop/login1/session/_32
[    33.032] (II) xfree86: Adding drm device (/dev/dri/card1)
[    33.032] (II) Platform probe for /sys/devices/pci0000:00/0000:00:02.0/drm/card1
[    33.032] (II) systemd-logind: got fd for /dev/dri/card1 226:1 fd 14 paused 0
[    33.034] (--) PCI:*(0@0:2:0) 8086:46a8:1028:0b02 rev 12, Mem @ 0x6052000000/16777216, 0x4000000000/268435456, I/O @ 0x00003000/64, BIOS @ 0x????????/131072
[    33.034] (II) LoadModule: "glx"
[    33.035] (II) Loading /usr/lib/xorg/modules/extensions/libglx.so
[    33.036] (II) Module glx: vendor="X.Org Foundation"
[    33.036] 	compiled for 1.21.1.11, module version = 1.0.0
[    33.036] 	ABI class: X.Org Server Extension, version 10.0
[    33.036] (==) Matched modesetting as autoconfigured driver 0
[    33.036] (==) Matched fbdev as autoconfigured driver 1
[    33.036] (==) Matched vesa as autoconfigured driver 2
[    33.036] (==) Assigned the driver to the xf86ConfigLayout
[    33.036] (II) LoadModule: "modesetting"
[    33.037] (II) Loading /usr/lib/xorg/modules/drivers/modesetting_drv.so
[    33.037] (II) Module modesetting: vendor="X.Org Foundation"
[    33.037] 	compiled for 1.21.1.11, module version = 1.21.1
[    33.037] 	Module class: X.Org Video Driver
[    33.037] 	ABI class: X.Org Video Driver, version 25.2
[    33.037] (II) LoadModule: "fbdev"
[    33.037] (II) Loading /usr/lib/xorg/modules/drivers/fbdev_drv.so
[    33.038] (II) Module fbdev: vendor="X.Org Foundation"
[    33.038] 	compiled for 1.21.1.11, module version = 0.5.0
[    33.038] 	Module class: X.Org Video Driver
[    33.038] 	ABI class: X.Org Video Driver, version 25.2
[    33.038] (II) LoadModule: "vesa"
[    33.038] (II) Loading /usr/lib/xorg/modules/drivers/vesa_drv.so
[    33.038] (II) Module vesa: vendor="X.Org Foundation"
[    33.038] 	compiled for 1.21.1.7, module version = 2.6.0
[    33.038] 	Module class: X.Org Video Driver
[    33.038] 	ABI class: X.Org Video Driver, version 25.2
[    33.038] (II) modesetting: Driver for Modesetting Kernel Drivers: kms
[    33.038] (II) FBDEV: driver for framebuffer: fbdev
[    33.038] (II) VESA: driver for VESA chipsets: vesa
[    33.038] xf86EnableIO: failed to enable I/O ports 0000-03ff (Operation not permitted)
[    33.038] (II) modeset(0): using drv /dev/dri/card1
[    33.038] (WW) Falling back to old probe method for fbdev
[    33.038] (II) Loading sub module "fbdevhw"
[    33.038] (II) LoadModule: "fbdevhw"
[    33.038] (II) Loading /usr/lib/xorg/modules/libfbdevhw.so
[    33.038] (II) Module fbdevhw: vendor="X.Org Foundation"
[    33.038] 	compiled for 1.21.1.11, module version = 0.0.2
[    33.038] 	ABI class: X.Org Video Driver, version 25.2
[    33.038] (EE) open /dev/fb0: Permission denied
[    33.038] (WW) VGA arbiter: cannot open kernel arbiter, no multi-card support
[    33.038] (II) modeset(0): Creating default Display subsection in Screen section
	"Default Screen Section" for depth/fbbpp 24/32
[    33.038] (==) modeset(0): Depth 24, (==) framebuffer bpp 32
[    33.038] (==) modeset(0): RGB weight 888
[    33.038] (==) modeset(0): Default visual is TrueColor
[    33.038] (II) Loading sub module "glamoregl"
[    33.038] (II) LoadModule: "glamoregl"
[    33.038] (II) Loading /usr/lib/xorg/modules/libglamoregl.so
[    33.052] (II) Module glamoregl: vendor="X.Org Foundation"
[    33.052] 	compiled for 1.21.1.11, module version = 1.0.1
[    33.052] 	ABI class: X.Org ANSI C Emulation, version 0.4
[    33.061] (II) modeset(0): glamor X acceleration enabled on Mesa Intel(R) Graphics (ADL GT2)
[    33.061] (II) modeset(0): glamor initialized
[    33.061] (==) modeset(0): VariableRefresh: disabled
[    33.061] (==) modeset(0): AsyncFlipSecondaries: disabled
[    33.063] (II) modeset(0): Output eDP-1 has no monitor section
[    33.091] (II) modeset(0): Output HDMI-1 has no monitor section
[    33.091] (II) modeset(0): Output DP-1 has no monitor section
[    33.091] (II) modeset(0): Output DP-2 has no monitor section
[    33.094] (II) modeset(0): EDID for output eDP-1
[    33.094] (II) modeset(0): Manufacturer: BOE  Model: 924  Serial#: 0
[    33.094] (II) modeset(0): Year: 2020  Week: 11
[    33.094] (II) modeset(0): EDID Version: 1.4
[    33.094] (II) modeset(0): Digital Display Input
[    33.094] (II) modeset(0): 6 bits per channel
[    33.094] (II) modeset(0): Digital interface is DisplayPort
[    33.094] (II) modeset(0): Max Image Size [cm]: horiz.: 29  vert.: 17
[    33.094] (II) modeset(0): Gamma: 2.20
[    33.094] (II) modeset(0): No DPMS capabilities specified
[    33.094] (II) modeset(0): Supported color encodings: RGB 4:4:4 
[    33.094] (II) modeset(0): First detailed timing is preferred mode
[    33.094] (II) modeset(0): Preferred mode is native pixel format and refresh rate
[    33.094] (II) modeset(0): redX: 0.593 redY: 0.367   greenX: 0.349 greenY: 0.582
[    33.094] (II) modeset(0): blueX: 0.161 blueY: 0.128   whiteX: 0.313 whiteY: 0.329
[    33.094] (II) modeset(0): Manufacturer's mask: 0
[    33.094] (II) modeset(0): Supported detailed timing:
[    33.094] (II) modeset(0): clock: 147.8 MHz   Image Size:  294 x 165 mm
[    33.094] (II) modeset(0): h_active: 1920  h_sync: 1968  h_sync_end 2000 h_blank_end 2200 h_border: 0
[    33.094] (II) modeset(0): v_active: 1080  v_sync: 1083  v_sync_end 1089 v_blanking: 1120 v_border: 0
[    33.094] (II) modeset(0): Supported detailed timing:
[    33.094] (II) modeset(0): clock: 118.3 MHz   Image Size:  294 x 165 mm
[    33.094] (II) modeset(0): h_active: 1920  h_sync: 1968  h_sync_end 2000 h_blank_end 2200 h_border: 0
[    33.094] (II) modeset(0): v_active: 1080  v_sync: 1083  v_sync_end 1089 v_blanking: 1120 v_border: 0
[    33.094] (II) modeset(0):  27HP5€NV13N4A
[    33.094] (II) modeset(0): Unknown vendor-specific block 0
[    33.094] (II) modeset(0): EDID (in hex):
[    33.094] (II) modeset(0): 	00ffffffffffff0009e5240900000000
[    33.094] (II) modeset(0): 	0b1e0104951d117802c475975e599529
[    33.094] (II) modeset(0): 	20505400000001010101010101010101
[    33.094] (II) modeset(0): 	010101010101c0398018713828403020
[    33.094] (II) modeset(0): 	360026a51000001a342e801871382840
[    33.094] (II) modeset(0): 	3020360026a51000001a000000fe0032
[    33.094] (II) modeset(0): 	37485035804e5631334e344100000000
[    33.094] (II) modeset(0): 	0000412099001000000a010a202000e6
[    33.094] (II) modeset(0): Printing probed modes for output eDP-1
[    33.094] (II) modeset(0): Modeline "1920x1080"x60.0  147.84  1920 1968 2000 2200  1080 1083 1089 1120 +hsync -vsync (67.2 kHz eP)
[    33.094] (II) modeset(0): Modeline "1920x1080"x60.0  138.65  1920 1968 2000 2080  1080 1083 1088 1111 +hsync -vsync (66.7 kHz d)
[    33.094] (II) modeset(0): Modeline "1920x1080"x48.0  118.28  1920 1968 2000 2200  1080 1083 1089 1120 +hsync -vsync (53.8 kHz e)
[    33.094] (II) modeset(0): Modeline "1680x1050"x60.0  119.23  1680 1728 1760 1840  1050 1053 1059 1080 +hsync -vsync (64.8 kHz d)
[    33.094] (II) modeset(0): Modeline "1400x1050"x60.0  122.05  1400 1488 1640 1880  1050 1052 1064 1082 +hsync +vsync (64.9 kHz d)
[    33.094] (II) modeset(0): Modeline "1600x900"x60.0   97.78  1600 1648 1680 1760  900 903 908 926 +hsync -vsync (55.6 kHz d)
[    33.094] (II) modeset(0): Modeline "1280x1024"x60.0  107.96  1280 1328 1440 1688  1024 1025 1028 1066 +hsync +vsync (64.0 kHz d)
[    33.094] (II) modeset(0): Modeline "1400x900"x60.0   86.67  1400 1448 1480 1560  900 903 913 926 +hsync -vsync (55.6 kHz d)
[    33.094] (II) modeset(0): Modeline "1280x960"x60.0  108.00  1280 1376 1488 1800  960 961 964 1000 +hsync +vsync (60.0 kHz d)
[    33.094] (II) modeset(0): Modeline "1440x810"x60.0  151.94  1440 1464 1480 1520  810 811 814 833 doublescan +hsync -vsync (100.0 kHz d)
[    33.094] (II) modeset(0): Modeline "1368x768"x60.0   72.43  1368 1416 1448 1528  768 771 781 790 +hsync -vsync (47.4 kHz d)
[    33.094] (II) modeset(0): Modeline "1280x800"x60.0   71.11  1280 1328 1360 1440  800 803 809 823 +hsync -vsync (49.4 kHz d)
[    33.094] (II) modeset(0): Modeline "1280x720"x60.0   64.02  1280 1328 1360 1440  720 723 728 741 +hsync -vsync (44.5 kHz d)
[    33.094] (II) modeset(0): Modeline "1024x768"x60.0   65.00  1024 1048 1184 1344  768 771 777 806 -hsync -vsync (48.4 kHz d)
[    33.094] (II) modeset(0): Modeline "960x720"x60.0  117.00  960 1024 1128 1300  720 720 722 750 doublescan -hsync +vsync (90.0 kHz d)
[    33.094] (II) modeset(0): Modeline "928x696"x60.0  109.06  928 976 1088 1264  696 696 698 719 doublescan -hsync +vsync (86.3 kHz d)
[    33.094] (II) modeset(0): Modeline "896x672"x60.0  102.38  896 960 1060 1224  672 672 674 697 doublescan -hsync +vsync (83.6 kHz d)
[    33.094] (II) modeset(0): Modeline "1024x576"x60.0   42.13  1024 1072 1104 1184  576 579 584 593 +hsync -vsync (35.6 kHz d)
[    33.094] (II) modeset(0): Modeline "960x600"x60.0   77.00  960 984 1000 1040  600 601 604 617 doublescan +hsync -vsync (74.0 kHz d)
[    33.094] (II) modeset(0): Modeline "960x540"x60.0   37.36  960 1008 1040 1120  540 543 548 556 +hsync -vsync (33.4 kHz d)
[    33.094] (II) modeset(0): Modeline "800x600"x60.0   38.40  800 824 896 1024  600 601 603 625 +hsync +vsync (37.5 kHz d)
[    33.094] (II) modeset(0): Modeline "840x525"x60.0   59.62  840 864 880 920  525 526 529 540 doublescan +hsync -vsync (64.8 kHz d)
[    33.094] (II) modeset(0): Modeline "864x486"x60.0   30.72  864 912 944 1024  486 489 494 500 +hsync -vsync (30.0 kHz d)
[    33.094] (II) modeset(0): Modeline "700x525"x60.0   61.02  700 744 820 940  525 526 532 541 doublescan +hsync +vsync (64.9 kHz d)
[    33.094] (II) modeset(0): Modeline "800x450"x60.0   48.89  800 824 840 880  450 451 454 463 doublescan +hsync -vsync (55.6 kHz d)
[    33.094] (II) modeset(0): Modeline "640x512"x60.0   53.98  640 664 720 844  512 512 514 533 doublescan +hsync +vsync (64.0 kHz d)
[    33.094] (II) modeset(0): Modeline "700x450"x60.0   43.34  700 724 740 780  450 451 456 463 doublescan +hsync -vsync (55.6 kHz d)
[    33.094] (II) modeset(0): Modeline "640x480"x60.0   25.20  640 656 752 800  480 490 492 525 -hsync -vsync (31.5 kHz d)
[    33.094] (II) modeset(0): Modeline "720x405"x60.0   22.12  720 768 800 880  405 408 413 419 +hsync -vsync (25.1 kHz d)
[    33.094] (II) modeset(0): Modeline "684x384"x60.0   36.21  684 708 724 764  384 385 390 395 doublescan +hsync -vsync (47.4 kHz d)
[    33.094] (II) modeset(0): Modeline "640x360"x60.0   17.95  640 688 720 800  360 363 368 374 +hsync -vsync (22.4 kHz d)
[    33.094] (II) modeset(0): Modeline "512x384"x60.0   32.50  512 524 592 672  384 385 388 403 doublescan -hsync -vsync (48.4 kHz d)
[    33.094] (II) modeset(0): Modeline "512x288"x60.0   21.03  512 536 552 592  288 289 292 296 doublescan +hsync -vsync (35.5 kHz d)
[    33.094] (II) modeset(0): Modeline "480x270"x60.0   18.68  480 504 520 560  270 271 274 278 doublescan +hsync -vsync (33.4 kHz d)
[    33.094] (II) modeset(0): Modeline "400x300"x60.0   19.17  400 412 448 512  300 300 301 312 doublescan +hsync +vsync (37.4 kHz d)
[    33.094] (II) modeset(0): Modeline "432x243"x60.0   15.36  432 456 472 512  243 244 247 250 doublescan +hsync -vsync (30.0 kHz d)
[    33.094] (II) modeset(0): Modeline "320x240"x60.0   12.58  320 328 376 400  240 245 246 262 doublescan -hsync -vsync (31.4 kHz d)
[    33.094] (II) modeset(0): Modeline "360x202"x60.0   11.04  360 384 400 440  202 204 206 209 doublescan +hsync -vsync (25.1 kHz d)
[    33.094] (II) modeset(0): Modeline "320x180"x60.0    8.98  320 344 360 400  180 181 184 187 doublescan +hsync -vsync (22.4 kHz d)
[    33.122] (II) modeset(0): EDID for output HDMI-1
[    33.122] (II) modeset(0): Manufacturer: SAM  Model: 7094  Serial#: 808863574
[    33.122] (II) modeset(0): Year: 2023  Week: 3
[    33.122] (II) modeset(0): EDID Version: 1.3
[    33.122] (II) modeset(0): Digital Display Input
[    33.122] (II) modeset(0): Max Image Size [cm]: horiz.: 53  vert.: 30
[    33.122] (II) modeset(0): Gamma: 2.20
[    33.122] (II) modeset(0): DPMS capabilities: Off
[    33.122] (II) modeset(0): Supported color encodings: RGB 4:4:4 YCrCb 4:4:4 
[    33.122] (II) modeset(0): First detailed timing is preferred mode
[    33.122] (II) modeset(0): redX: 0.640 redY: 0.356   greenX: 0.304 greenY: 0.632
[    33.122] (II) modeset(0): blueX: 0.147 blueY: 0.052   whiteX: 0.313 whiteY: 0.329
[    33.122] (II) modeset(0): Supported established timings:
[    33.122] (II) modeset(0): 720x400@70Hz
[    33.122] (II) modeset(0): 640x480@60Hz
[    33.122] (II) modeset(0): 640x480@67Hz
[    33.122] (II) modeset(0): 640x480@72Hz
[    33.122] (II) modeset(0): 640x480@75Hz
[    33.122] (II) modeset(0): 800x600@56Hz
[    33.122] (II) modeset(0): 800x600@60Hz
[    33.122] (II) modeset(0): 800x600@72Hz
[    33.122] (II) modeset(0): 800x600@75Hz
[    33.122] (II) modeset(0): 832x624@75Hz
[    33.122] (II) modeset(0): 1024x768@60Hz
[    33.122] (II) modeset(0): 1024x768@70Hz
[    33.122] (II) modeset(0): 1024x768@75Hz
[    33.122] (II) modeset(0): 1280x1024@75Hz
[    33.122] (II) modeset(0): 1152x864@75Hz
[    33.122] (II) modeset(0): Manufacturer's mask: 0
[    33.122] (II) modeset(0): Supported standard timings:
[    33.122] (II) modeset(0): #0: hsize: 1280  vsize 720  refresh: 60  vid: 49281
[    33.122] (II) modeset(0): #1: hsize: 1280  vsize 800  refresh: 60  vid: 129
[    33.122] (II) modeset(0): #2: hsize: 1280  vsize 1024  refresh: 60  vid: 32897
[    33.122] (II) modeset(0): #3: hsize: 1440  vsize 900  refresh: 60  vid: 149
[    33.122] (II) modeset(0): #4: hsize: 1600  vsize 900  refresh: 60  vid: 49321
[    33.122] (II) modeset(0): #5: hsize: 1680  vsize 1050  refresh: 60  vid: 179
[    33.122] (II) modeset(0): #6: hsize: 1152  vsize 864  refresh: 75  vid: 20337
[    33.122] (II) modeset(0): Supported detailed timing:
[    33.122] (II) modeset(0): clock: 148.5 MHz   Image Size:  527 x 296 mm
[    33.122] (II) modeset(0): h_active: 1920  h_sync: 2008  h_sync_end 2052 h_blank_end 2200 h_border: 0
[    33.122] (II) modeset(0): v_active: 1080  v_sync: 1084  v_sync_end 1089 v_blanking: 1125 v_border: 0
[    33.122] (II) modeset(0): Ranges: V min: 50 V max: 75 Hz, H min: 30 H max: 84 kHz, PixClock max 185 MHz
[    33.122] (II) modeset(0): Monitor name: LF24T450F
[    33.122] (II) modeset(0): Serial No: HK2W100746
[    33.122] (II) modeset(0): Supported detailed timing:
[    33.122] (II) modeset(0): clock: 74.2 MHz   Image Size:  527 x 296 mm
[    33.122] (II) modeset(0): h_active: 1280  h_sync: 1720  h_sync_end 1760 h_blank_end 1980 h_border: 0
[    33.122] (II) modeset(0): v_active: 720  v_sync: 725  v_sync_end 730 v_blanking: 750 v_border: 0
[    33.122] (II) modeset(0): Supported detailed timing:
[    33.122] (II) modeset(0): clock: 27.0 MHz   Image Size:  527 x 296 mm
[    33.122] (II) modeset(0): h_active: 720  h_sync: 732  h_sync_end 796 h_blank_end 864 h_border: 0
[    33.122] (II) modeset(0): v_active: 576  v_sync: 581  v_sync_end 586 v_blanking: 625 v_border: 0
[    33.122] (II) modeset(0): Supported detailed timing:
[    33.122] (II) modeset(0): clock: 27.0 MHz   Image Size:  527 x 296 mm
[    33.122] (II) modeset(0): h_active: 720  h_sync: 736  h_sync_end 798 h_blank_end 858 h_border: 0
[    33.122] (II) modeset(0): v_active: 480  v_sync: 489  v_sync_end 495 v_blanking: 525 v_border: 0
[    33.122] (II) modeset(0): Supported detailed timing:
[    33.122] (II) modeset(0): clock: 74.2 MHz   Image Size:  527 x 296 mm
[    33.122] (II) modeset(0): h_active: 1280  h_sync: 1390  h_sync_end 1430 h_blank_end 1650 h_border: 0
[    33.122] (II) modeset(0): v_active: 720  v_sync: 725  v_sync_end 730 v_blanking: 750 v_border: 0
[    33.122] (II) modeset(0): Supported detailed timing:
[    33.122] (II) modeset(0): clock: 174.5 MHz   Image Size:  527 x 296 mm
[    33.122] (II) modeset(0): h_active: 1920  h_sync: 1968  h_sync_end 2000 h_blank_end 2080 h_border: 0
[    33.122] (II) modeset(0): v_active: 1080  v_sync: 1083  v_sync_end 1088 v_blanking: 1119 v_border: 0
[    33.122] (II) modeset(0): Number of EDID sections to follow: 1
[    33.122] (II) modeset(0): EDID (in hex):
[    33.122] (II) modeset(0): 	00ffffffffffff004c2d947056473630
[    33.122] (II) modeset(0): 	0321010380351e782adfd5a35b4da125
[    33.122] (II) modeset(0): 	0d5054bfef8081c0810081809500a9c0
[    33.122] (II) modeset(0): 	b300714f0101023a801871382d40582c
[    33.122] (II) modeset(0): 	45000f282100001e000000fd00324b1e
[    33.122] (II) modeset(0): 	5412000a202020202020000000fc004c
[    33.122] (II) modeset(0): 	46323454343530460a202020000000ff
[    33.122] (II) modeset(0): 	00484b32573130303734360a202001f5
[    33.122] (II) modeset(0): 	02031bf14690041f1303122309070783
[    33.122] (II) modeset(0): 	01000067030c0010008024011d00bc52
[    33.122] (II) modeset(0): 	d01e20b82855400f282100001e8c0ad0
[    33.122] (II) modeset(0): 	90204031200c4055000f28210000188c
[    33.122] (II) modeset(0): 	0ad08a20e02d10103e96000f28210000
[    33.122] (II) modeset(0): 	18011d007251d01e206e2855000f2821
[    33.122] (II) modeset(0): 	00001e2a4480a070382740302035000f
[    33.122] (II) modeset(0): 	282100001a00000000000000000000a4
[    33.122] (--) modeset(0): HDMI max TMDS frequency 180000KHz
[    33.122] (II) modeset(0): Printing probed modes for output HDMI-1
[    33.122] (II) modeset(0): Modeline "1920x1080"x60.0  148.50  1920 2008 2052 2200  1080 1084 1089 1125 +hsync +vsync (67.5 kHz eP)
[    33.122] (II) modeset(0): Modeline "1920x1080"x75.0  174.50  1920 1968 2000 2080  1080 1083 1088 1119 +hsync -vsync (83.9 kHz e)
[    33.122] (II) modeset(0): Modeline "1920x1080"x50.0  148.50  1920 2448 2492 2640  1080 1084 1089 1125 +hsync +vsync (56.2 kHz e)
[    33.122] (II) modeset(0): Modeline "1920x1080"x59.9  148.35  1920 2008 2052 2200  1080 1084 1089 1125 +hsync +vsync (67.4 kHz e)
[    33.122] (II) modeset(0): Modeline "1680x1050"x59.9  119.00  1680 1728 1760 1840  1050 1053 1059 1080 +hsync -vsync (64.7 kHz e)
[    33.122] (II) modeset(0): Modeline "1600x900"x60.0  108.00  1600 1624 1704 1800  900 901 904 1000 +hsync +vsync (60.0 kHz e)
[    33.122] (II) modeset(0): Modeline "1280x1024"x75.0  135.00  1280 1296 1440 1688  1024 1025 1028 1066 +hsync +vsync (80.0 kHz e)
[    33.122] (II) modeset(0): Modeline "1280x1024"x60.0  108.00  1280 1328 1440 1688  1024 1025 1028 1066 +hsync +vsync (64.0 kHz e)
[    33.122] (II) modeset(0): Modeline "1440x900"x59.9   88.75  1440 1488 1520 1600  900 903 909 926 +hsync -vsync (55.5 kHz e)
[    33.122] (II) modeset(0): Modeline "1280x800"x59.9   71.00  1280 1328 1360 1440  800 803 809 823 +hsync -vsync (49.3 kHz e)
[    33.122] (II) modeset(0): Modeline "1152x864"x75.0  108.00  1152 1216 1344 1600  864 865 868 900 +hsync +vsync (67.5 kHz e)
[    33.122] (II) modeset(0): Modeline "1280x720"x60.0   74.25  1280 1390 1430 1650  720 725 730 750 +hsync +vsync (45.0 kHz e)
[    33.122] (II) modeset(0): Modeline "1280x720"x50.0   74.25  1280 1720 1760 1980  720 725 730 750 +hsync +vsync (37.5 kHz e)
[    33.122] (II) modeset(0): Modeline "1280x720"x59.9   74.18  1280 1390 1430 1650  720 725 730 750 +hsync +vsync (45.0 kHz e)
[    33.122] (II) modeset(0): Modeline "1024x768"x75.0   78.75  1024 1040 1136 1312  768 769 772 800 +hsync +vsync (60.0 kHz e)
[    33.122] (II) modeset(0): Modeline "1024x768"x70.1   75.00  1024 1048 1184 1328  768 771 777 806 -hsync -vsync (56.5 kHz e)
[    33.122] (II) modeset(0): Modeline "1024x768"x60.0   65.00  1024 1048 1184 1344  768 771 777 806 -hsync -vsync (48.4 kHz e)
[    33.122] (II) modeset(0): Modeline "832x624"x74.6   57.28  832 864 928 1152  624 625 628 667 -hsync -vsync (49.7 kHz e)
[    33.122] (II) modeset(0): Modeline "800x600"x72.2   50.00  800 856 976 1040  600 637 643 666 +hsync +vsync (48.1 kHz e)
[    33.122] (II) modeset(0): Modeline "800x600"x75.0   49.50  800 816 896 1056  600 601 604 625 +hsync +vsync (46.9 kHz e)
[    33.122] (II) modeset(0): Modeline "800x600"x60.3   40.00  800 840 968 1056  600 601 605 628 +hsync +vsync (37.9 kHz e)
[    33.122] (II) modeset(0): Modeline "800x600"x56.2   36.00  800 824 896 1024  600 601 603 625 +hsync +vsync (35.2 kHz e)
[    33.122] (II) modeset(0): Modeline "720x576"x50.0   27.00  720 732 796 864  576 581 586 625 -hsync -vsync (31.2 kHz e)
[    33.122] (II) modeset(0): Modeline "720x480"x60.0   27.03  720 736 798 858  480 489 495 525 -hsync -vsync (31.5 kHz e)
[    33.122] (II) modeset(0): Modeline "720x480"x59.9   27.00  720 736 798 858  480 489 495 525 -hsync -vsync (31.5 kHz e)
[    33.122] (II) modeset(0): Modeline "640x480"x75.0   31.50  640 656 720 840  480 481 484 500 -hsync -vsync (37.5 kHz e)
[    33.122] (II) modeset(0): Modeline "640x480"x72.8   31.50  640 664 704 832  480 489 492 520 -hsync -vsync (37.9 kHz e)
[    33.122] (II) modeset(0): Modeline "640x480"x66.7   30.24  640 704 768 864  480 483 486 525 -hsync -vsync (35.0 kHz e)
[    33.122] (II) modeset(0): Modeline "640x480"x60.0   25.20  640 656 752 800  480 490 492 525 -hsync -vsync (31.5 kHz e)
[    33.122] (II) modeset(0): Modeline "640x480"x59.9   25.18  640 656 752 800  480 490 492 525 -hsync -vsync (31.5 kHz e)
[    33.122] (II) modeset(0): Modeline "720x400"x70.1   28.32  720 738 846 900  400 412 414 449 -hsync +vsync (31.5 kHz e)
[    33.122] (II) modeset(0): EDID for output DP-1
[    33.122] (II) modeset(0): EDID for output DP-2
[    33.122] (II) modeset(0): Output eDP-1 connected
[    33.122] (II) modeset(0): Output HDMI-1 connected
[    33.122] (II) modeset(0): Output DP-1 disconnected
[    33.122] (II) modeset(0): Output DP-2 disconnected
[    33.122] (II) modeset(0): Using spanning desktop for initial modes
[    33.122] (II) modeset(0): Output eDP-1 using initial mode 1920x1080 +0+0
[    33.122] (II) modeset(0): Output HDMI-1 using initial mode 1920x1080 +1920+0
[    33.122] (==) modeset(0): Using gamma correction (1.0, 1.0, 1.0)
[    33.122] (==) modeset(0): DPI set to (96, 96)
[    33.122] (II) Loading sub module "fb"
[    33.122] (II) LoadModule: "fb"
[    33.122] (II) Module "fb" already built-in
[    33.122] (II) UnloadModule: "fbdev"
[    33.122] (II) Unloading fbdev
[    33.122] (II) UnloadSubModule: "fbdevhw"
[    33.122] (II) Unloading fbdevhw
[    33.122] (II) UnloadModule: "vesa"
[    33.122] (II) Unloading vesa
[    33.135] (==) modeset(0): Backing store enabled
[    33.135] (==) modeset(0): Silken mouse enabled
[    33.357] (II) modeset(0): Initializing kms color map for depth 24, 8 bpc.
[    33.357] (==) modeset(0): DPMS enabled
[    33.357] (II) modeset(0): [DRI2] Setup complete
[    33.357] (II) modeset(0): [DRI2]   DRI driver: iris
[    33.357] (II) modeset(0): [DRI2]   VDPAU driver: va_gl
[    33.357] (II) Initializing extension Generic Event Extension
[    33.357] (II) Initializing extension SHAPE
[    33.358] (II) Initializing extension MIT-SHM
[    33.358] (II) Initializing extension XInputExtension
[    33.358] (II) Initializing extension XTEST
[    33.358] (II) Initializing extension BIG-REQUESTS
[    33.358] (II) Initializing extension SYNC
[    33.358] (II) Initializing extension XKEYBOARD
[    33.358] (II) Initializing extension XC-MISC
[    33.358] (II) Initializing extension SECURITY
[    33.358] (II) Initializing extension XFIXES
[    33.358] (II) Initializing extension RENDER
[    33.358] (II) Initializing extension RANDR
[    33.359] (II) Initializing extension COMPOSITE
[    33.359] (II) Initializing extension DAMAGE
[    33.359] (II) Initializing extension MIT-SCREEN-SAVER
[    33.359] (II) Initializing extension DOUBLE-BUFFER
[    33.359] (II) Initializing extension RECORD
[    33.359] (II) Initializing extension DPMS
[    33.359] (II) Initializing extension Present
[    33.359] (II) Initializing extension DRI3
[    33.359] (II) Initializing extension X-Resource
[    33.359] (II) Initializing extension XVideo
[    33.359] (II) Initializing extension XVideo-MotionCompensation
[    33.359] (II) Initializing extension SELinux
[    33.359] (II) SELinux: Disabled on system
[    33.359] (II) Initializing extension GLX
[    33.367] (II) AIGLX: Loaded and initialized iris
[    33.367] (II) GLX: Initialized DRI2 GL provider for screen 0
[    33.367] (II) Initializing extension XFree86-VidModeExtension
[    33.367] (II) Initializing extension XFree86-DGA
[    33.367] (II) Initializing extension XFree86-DRI
[    33.367] (II) Initializing extension DRI2
[    33.367] (II) modeset(0): Damage tracking initialized
[    33.367] (II) modeset(0): Setting screen physical size to 1016 x 285
[    33.392] (II) config/udev: Adding input device Video Bus (/dev/input/event13)
[    33.393] (**) Video Bus: Applying InputClass "libinput keyboard catchall"
[    33.393] (II) LoadModule: "libinput"
[    33.393] (II) Loading /usr/lib/xorg/modules/input/libinput_drv.so
[    33.394] (II) Module libinput: vendor="X.Org Foundation"
[    33.394] 	compiled for 1.21.1.11, module version = 1.4.0
[    33.394] 	Module class: X.Org XInput Driver
[    33.394] 	ABI class: X.Org XInput driver, version 24.4
[    33.394] (II) Using input driver 'libinput' for 'Video Bus'
[    33.395] (II) systemd-logind: got fd for /dev/input/event13 13:77 fd 26 paused 0
[    33.395] (**) Video Bus: always reports core events
[    33.395] (**) Option "Device" "/dev/input/event13"
[    33.397] (II) event13 - Video Bus: is tagged by udev as: Keyboard
[    33.397] (II) event13 - Video Bus: device is a keyboard
[    33.397] (II) event13 - Video Bus: device removed
[    33.397] (**) Option "config_info" "udev:/sys/devices/LNXSYSTM:00/LNXSYBUS:00/PNP0A08:00/LNXVIDEO:00/input/input35/event13"
[    33.397] (II) XINPUT: Adding extended input device "Video Bus" (type: KEYBOARD, id 6)
[    33.397] (**) Option "xkb_model" "pc105"
[    33.397] (**) Option "xkb_layout" "es"
[    33.409] (II) event13 - Video Bus: is tagged by udev as: Keyboard
[    33.409] (II) event13 - Video Bus: device is a keyboard
[    33.410] (II) config/udev: Adding input device Power Button (/dev/input/event1)
[    33.410] (**) Power Button: Applying InputClass "libinput keyboard catchall"
[    33.410] (II) Using input driver 'libinput' for 'Power Button'
[    33.410] (II) systemd-logind: got fd for /dev/input/event1 13:65 fd 29 paused 0
[    33.410] (**) Power Button: always reports core events
[    33.410] (**) Option "Device" "/dev/input/event1"
[    33.411] (II) event1  - Power Button: is tagged by udev as: Keyboard
[    33.411] (II) event1  - Power Button: device is a keyboard
[    33.411] (II) event1  - Power Button: device removed
[    33.411] (**) Option "config_info" "udev:/sys/devices/LNXSYSTM:00/LNXSYBUS:00/PNP0C0C:00/input/input1/event1"
[    33.411] (II) XINPUT: Adding extended input device "Power Button" (type: KEYBOARD, id 7)
[    33.411] (**) Option "xkb_model" "pc105"
[    33.411] (**) Option "xkb_layout" "es"
[    33.412] (II) event1  - Power Button: is tagged by udev as: Keyboard
[    33.412] (II) event1  - Power Button: device is a keyboard
[    33.412] (II) config/udev: Adding input device Lid Switch (/dev/input/event0)
[    33.412] (II) No input driver specified, ignoring this device.
[    33.412] (II) This device may have been added with another device file.
[    33.412] (II) config/udev: Adding input device Sleep Button (/dev/input/event2)
[    33.412] (**) Sleep Button: Applying InputClass "libinput keyboard catchall"
[    33.412] (II) Using input driver 'libinput' for 'Sleep Button'
[    33.413] (II) systemd-logind: got fd for /dev/input/event2 13:66 fd 30 paused 0
[    33.413] (**) Sleep Button: always reports core events
[    33.413] (**) Option "Device" "/dev/input/event2"
[    33.414] (II) event2  - Sleep Button: is tagged by udev as: Keyboard
[    33.414] (II) event2  - Sleep Button: device is a keyboard
[    33.414] (II) event2  - Sleep Button: device removed
[    33.414] (**) Option "config_info" "udev:/sys/devices/LNXSYSTM:00/LNXSYBUS:00/PNP0C0E:00/input/input2/event2"
[    33.414] (II) XINPUT: Adding extended input device "Sleep Button" (type: KEYBOARD, id 8)
[    33.414] (**) Option "xkb_model" "pc105"
[    33.414] (**) Option "xkb_layout" "es"
[    33.414] (II) event2  - Sleep Button: is tagged by udev as: Keyboard
[    33.414] (II) event2  - Sleep Button: device is a keyboard
[    33.415] (II) config/udev: Adding input device Logitech Wireless Keyboard PID:4023 (/dev/input/event7)
[    33.415] (**) Logitech Wireless Keyboard PID:4023: Applying InputClass "libinput keyboard catchall"
[    33.415] (II) Using input driver 'libinput' for 'Logitech Wireless Keyboard PID:4023'
[    33.416] (II) systemd-logind: got fd for /dev/input/event7 13:71 fd 31 paused 0
[    33.416] (**) Logitech Wireless Keyboard PID:4023: always reports core events
[    33.416] (**) Option "Device" "/dev/input/event7"
[    33.417] (II) event7  - Logitech Wireless Keyboard PID:4023: is tagged by udev as: Keyboard
[    33.418] (II) event7  - Logitech Wireless Keyboard PID:4023: device is a keyboard
[    33.418] (II) event7  - Logitech Wireless Keyboard PID:4023: device removed
[    33.418] (II) libinput: Logitech Wireless Keyboard PID:4023: needs a virtual subdevice
[    33.418] (**) Option "config_info" "udev:/sys/devices/pci0000:00/0000:00:14.0/usb3/3-3/3-3:1.1/0003:046D:C534.0006/0003:046D:4023.0007/input/input29/event7"
[    33.418] (II) XINPUT: Adding extended input device "Logitech Wireless Keyboard PID:4023" (type: MOUSE, id 9)
[    33.418] (**) Option "AccelerationScheme" "none"
[    33.418] (**) Logitech Wireless Keyboard PID:4023: (accel) selected scheme none/0
[    33.418] (**) Logitech Wireless Keyboard PID:4023: (accel) acceleration factor: 2.000
[    33.418] (**) Logitech Wireless Keyboard PID:4023: (accel) acceleration threshold: 4
[    33.419] (II) event7  - Logitech Wireless Keyboard PID:4023: is tagged by udev as: Keyboard
[    33.419] (II) event7  - Logitech Wireless Keyboard PID:4023: device is a keyboard
[    33.420] (II) config/udev: Adding input device Logitech Wireless Mouse (/dev/input/event8)
[    33.420] (**) Logitech Wireless Mouse: Applying InputClass "libinput pointer catchall"
[    33.420] (**) Logitech Wireless Mouse: Applying InputClass "libinput keyboard catchall"
[    33.420] (II) Using input driver 'libinput' for 'Logitech Wireless Mouse'
[    33.420] (II) systemd-logind: got fd for /dev/input/event8 13:72 fd 32 paused 0
[    33.420] (**) Logitech Wireless Mouse: always reports core events
[    33.420] (**) Option "Device" "/dev/input/event8"
[    33.422] (II) event8  - Logitech Wireless Mouse: is tagged by udev as: Keyboard Mouse
[    33.422] (II) event8  - Logitech Wireless Mouse: device is a pointer
[    33.422] (II) event8  - Logitech Wireless Mouse: device is a keyboard
[    33.422] (II) event8  - Logitech Wireless Mouse: device removed
[    33.422] (II) libinput: Logitech Wireless Mouse: Step value 0 was provided, libinput Fallback acceleration function is used.
[    33.422] (II) libinput: Logitech Wireless Mouse: Step value 0 was provided, libinput Fallback acceleration function is used.
[    33.422] (II) libinput: Logitech Wireless Mouse: Step value 0 was provided, libinput Fallback acceleration function is used.
[    33.422] (II) libinput: Logitech Wireless Mouse: needs a virtual subdevice
[    33.422] (**) Option "config_info" "udev:/sys/devices/pci0000:00/0000:00:14.0/usb3/3-3/3-3:1.1/0003:046D:C534.0006/0003:046D:4091.0008/input/input30/event8"
[    33.422] (II) XINPUT: Adding extended input device "Logitech Wireless Mouse" (type: MOUSE, id 10)
[    33.422] (**) Option "AccelerationScheme" "none"
[    33.422] (**) Logitech Wireless Mouse: (accel) selected scheme none/0
[    33.422] (**) Logitech Wireless Mouse: (accel) acceleration factor: 2.000
[    33.422] (**) Logitech Wireless Mouse: (accel) acceleration threshold: 4
[    33.424] (II) event8  - Logitech Wireless Mouse: is tagged by udev as: Keyboard Mouse
[    33.424] (II) event8  - Logitech Wireless Mouse: device is a pointer
[    33.424] (II) event8  - Logitech Wireless Mouse: device is a keyboard
[    33.425] (II) config/udev: Adding input device Logitech Wireless Mouse (/dev/input/mouse3)
[    33.425] (II) No input driver specified, ignoring this device.
[    33.425] (II) This device may have been added with another device file.
[    33.425] (II) config/udev: Adding input device VEN_0488:00 0488:1042 Mouse (/dev/input/event4)
[    33.425] (**) VEN_0488:00 0488:1042 Mouse: Applying InputClass "libinput pointer catchall"
[    33.425] (II) Using input driver 'libinput' for 'VEN_0488:00 0488:1042 Mouse'
[    33.425] (II) systemd-logind: got fd for /dev/input/event4 13:68 fd 33 paused 0
[    33.425] (**) VEN_0488:00 0488:1042 Mouse: always reports core events
[    33.425] (**) Option "Device" "/dev/input/event4"
[    33.426] (II) event4  - VEN_0488:00 0488:1042 Mouse: is tagged by udev as: Mouse Pointingstick
[    33.426] (II) event4  - VEN_0488:00 0488:1042 Mouse: device is a pointer
[    33.426] (II) event4  - VEN_0488:00 0488:1042 Mouse: device removed
[    33.426] (II) libinput: VEN_0488:00 0488:1042 Mouse: Step value 0 was provided, libinput Fallback acceleration function is used.
[    33.426] (II) libinput: VEN_0488:00 0488:1042 Mouse: Step value 0 was provided, libinput Fallback acceleration function is used.
[    33.426] (II) libinput: VEN_0488:00 0488:1042 Mouse: Step value 0 was provided, libinput Fallback acceleration function is used.
[    33.426] (**) Option "config_info" "udev:/sys/devices/pci0000:00/0000:00:15.1/i2c_designware.1/i2c-1/i2c-VEN_0488:00/0018:0488:1042.0001/input/input10/event4"
[    33.426] (II) XINPUT: Adding extended input device "VEN_0488:00 0488:1042 Mouse" (type: MOUSE, id 11)
[    33.426] (**) Option "AccelerationScheme" "none"
[    33.426] (**) VEN_0488:00 0488:1042 Mouse: (accel) selected scheme none/0
[    33.426] (**) VEN_0488:00 0488:1042 Mouse: (accel) acceleration factor: 2.000
[    33.426] (**) VEN_0488:00 0488:1042 Mouse: (accel) acceleration threshold: 4
[    33.427] (II) event4  - VEN_0488:00 0488:1042 Mouse: is tagged by udev as: Mouse Pointingstick
[    33.427] (II) event4  - VEN_0488:00 0488:1042 Mouse: device is a pointer
[    33.428] (II) config/udev: Adding input device VEN_0488:00 0488:1042 Mouse (/dev/input/mouse0)
[    33.428] (II) No input driver specified, ignoring this device.
[    33.428] (II) This device may have been added with another device file.
[    33.428] (II) config/udev: Adding input device VEN_0488:00 0488:1042 Touchpad (/dev/input/event5)
[    33.428] (**) VEN_0488:00 0488:1042 Touchpad: Applying InputClass "libinput touchpad catchall"
[    33.428] (II) Using input driver 'libinput' for 'VEN_0488:00 0488:1042 Touchpad'
[    33.428] (II) systemd-logind: got fd for /dev/input/event5 13:69 fd 34 paused 0
[    33.428] (**) VEN_0488:00 0488:1042 Touchpad: always reports core events
[    33.428] (**) Option "Device" "/dev/input/event5"
[    33.429] (II) event5  - VEN_0488:00 0488:1042 Touchpad: is tagged by udev as: Touchpad
[    33.431] (II) event5  - VEN_0488:00 0488:1042 Touchpad: device is a touchpad
[    33.431] (II) event5  - VEN_0488:00 0488:1042 Touchpad: device removed
[    33.431] (II) libinput: VEN_0488:00 0488:1042 Touchpad: Step value 0 was provided, libinput Fallback acceleration function is used.
[    33.431] (II) libinput: VEN_0488:00 0488:1042 Touchpad: Step value 0 was provided, libinput Fallback acceleration function is used.
[    33.431] (II) libinput: VEN_0488:00 0488:1042 Touchpad: Step value 0 was provided, libinput Fallback acceleration function is used.
[    33.432] (**) Option "config_info" "udev:/sys/devices/pci0000:00/0000:00:15.1/i2c_designware.1/i2c-1/i2c-VEN_0488:00/0018:0488:1042.0001/input/input11/event5"
[    33.432] (II) XINPUT: Adding extended input device "VEN_0488:00 0488:1042 Touchpad" (type: TOUCHPAD, id 12)
[    33.433] (**) Option "AccelerationScheme" "none"
[    33.433] (**) VEN_0488:00 0488:1042 Touchpad: (accel) selected scheme none/0
[    33.433] (**) VEN_0488:00 0488:1042 Touchpad: (accel) acceleration factor: 2.000
[    33.433] (**) VEN_0488:00 0488:1042 Touchpad: (accel) acceleration threshold: 4
[    33.434] (II) event5  - VEN_0488:00 0488:1042 Touchpad: is tagged by udev as: Touchpad
[    33.435] (II) event5  - VEN_0488:00 0488:1042 Touchpad: device is a touchpad
[    33.436] (II) config/udev: Adding input device VEN_0488:00 0488:1042 Touchpad (/dev/input/mouse1)
[    33.436] (II) No input driver specified, ignoring this device.
[    33.436] (II) This device may have been added with another device file.
[    33.437] (II) config/udev: Adding input device HDA Intel PCH Headphone Mic (/dev/input/event14)
[    33.437] (II) No input driver specified, ignoring this device.
[    33.437] (II) This device may have been added with another device file.
[    33.437] (II) config/udev: Adding input device HDA Intel PCH HDMI/DP,pcm=3 (/dev/input/event15)
[    33.437] (II) No input driver specified, ignoring this device.
[    33.437] (II) This device may have been added with another device file.
[    33.437] (II) config/udev: Adding input device HDA Intel PCH HDMI/DP,pcm=7 (/dev/input/event16)
[    33.437] (II) No input driver specified, ignoring this device.
[    33.437] (II) This device may have been added with another device file.
[    33.437] (II) config/udev: Adding input device HDA Intel PCH HDMI/DP,pcm=8 (/dev/input/event17)
[    33.437] (II) No input driver specified, ignoring this device.
[    33.437] (II) This device may have been added with another device file.
[    33.438] (II) config/udev: Adding input device HDA Intel PCH HDMI/DP,pcm=9 (/dev/input/event18)
[    33.438] (II) No input driver specified, ignoring this device.
[    33.438] (II) This device may have been added with another device file.
[    33.438] (II) config/udev: Adding input device Intel HID events (/dev/input/event9)
[    33.438] (**) Intel HID events: Applying InputClass "libinput keyboard catchall"
[    33.438] (II) Using input driver 'libinput' for 'Intel HID events'
[    33.438] (II) systemd-logind: got fd for /dev/input/event9 13:73 fd 35 paused 0
[    33.439] (**) Intel HID events: always reports core events
[    33.439] (**) Option "Device" "/dev/input/event9"
[    33.439] (II) event9  - Intel HID events: is tagged by udev as: Keyboard
[    33.439] (II) event9  - Intel HID events: device is a keyboard
[    33.439] (II) event9  - Intel HID events: device removed
[    33.439] (**) Option "config_info" "udev:/sys/devices/platform/INTC1070:00/input/input31/event9"
[    33.439] (II) XINPUT: Adding extended input device "Intel HID events" (type: KEYBOARD, id 13)
[    33.439] (**) Option "xkb_model" "pc105"
[    33.439] (**) Option "xkb_layout" "es"
[    33.440] (II) event9  - Intel HID events: is tagged by udev as: Keyboard
[    33.440] (II) event9  - Intel HID events: device is a keyboard
[    33.441] (II) config/udev: Adding input device Intel HID 5 button array (/dev/input/event10)
[    33.441] (**) Intel HID 5 button array: Applying InputClass "libinput keyboard catchall"
[    33.441] (II) Using input driver 'libinput' for 'Intel HID 5 button array'
[    33.441] (II) systemd-logind: got fd for /dev/input/event10 13:74 fd 36 paused 0
[    33.441] (**) Intel HID 5 button array: always reports core events
[    33.441] (**) Option "Device" "/dev/input/event10"
[    33.442] (II) event10 - Intel HID 5 button array: is tagged by udev as: Keyboard
[    33.442] (II) event10 - Intel HID 5 button array: device is a keyboard
[    33.442] (II) event10 - Intel HID 5 button array: device removed
[    33.442] (**) Option "config_info" "udev:/sys/devices/platform/INTC1070:00/input/input32/event10"
[    33.442] (II) XINPUT: Adding extended input device "Intel HID 5 button array" (type: KEYBOARD, id 14)
[    33.442] (**) Option "xkb_model" "pc105"
[    33.442] (**) Option "xkb_layout" "es"
[    33.443] (II) event10 - Intel HID 5 button array: is tagged by udev as: Keyboard
[    33.443] (II) event10 - Intel HID 5 button array: device is a keyboard
[    33.443] (II) config/udev: Adding input device Dell Privacy Driver (/dev/input/event11)
[    33.443] (**) Dell Privacy Driver: Applying InputClass "libinput keyboard catchall"
[    33.443] (II) Using input driver 'libinput' for 'Dell Privacy Driver'
[    33.444] (II) systemd-logind: got fd for /dev/input/event11 13:75 fd 37 paused 0
[    33.444] (**) Dell Privacy Driver: always reports core events
[    33.444] (**) Option "Device" "/dev/input/event11"
[    33.445] (II) event11 - Dell Privacy Driver: is tagged by udev as: Keyboard
[    33.445] (II) event11 - Dell Privacy Driver: device is a keyboard
[    33.445] (II) event11 - Dell Privacy Driver: device removed
[    33.445] (**) Option "config_info" "udev:/sys/devices/platform/PNP0C14:02/wmi_bus/wmi_bus-PNP0C14:02/6932965F-1671-4CEB-B988-D3AB0A901919/input/input33/event11"
[    33.445] (II) XINPUT: Adding extended input device "Dell Privacy Driver" (type: KEYBOARD, id 15)
[    33.445] (**) Option "xkb_model" "pc105"
[    33.445] (**) Option "xkb_layout" "es"
[    33.445] (II) event11 - Dell Privacy Driver: is tagged by udev as: Keyboard
[    33.445] (II) event11 - Dell Privacy Driver: device is a keyboard
[    33.446] (II) config/udev: Adding input device Dell WMI hotkeys (/dev/input/event12)
[    33.446] (**) Dell WMI hotkeys: Applying InputClass "libinput keyboard catchall"
[    33.446] (II) Using input driver 'libinput' for 'Dell WMI hotkeys'
[    33.446] (II) systemd-logind: got fd for /dev/input/event12 13:76 fd 38 paused 0
[    33.446] (**) Dell WMI hotkeys: always reports core events
[    33.446] (**) Option "Device" "/dev/input/event12"
[    33.447] (II) event12 - Dell WMI hotkeys: is tagged by udev as: Keyboard
[    33.447] (II) event12 - Dell WMI hotkeys: device is a keyboard
[    33.447] (II) event12 - Dell WMI hotkeys: device removed
[    33.447] (**) Option "config_info" "udev:/sys/devices/platform/PNP0C14:02/wmi_bus/wmi_bus-PNP0C14:02/9DBB5994-A997-11DA-B012-B622A1EF5492/input/input34/event12"
[    33.447] (II) XINPUT: Adding extended input device "Dell WMI hotkeys" (type: KEYBOARD, id 16)
[    33.447] (**) Option "xkb_model" "pc105"
[    33.447] (**) Option "xkb_layout" "es"
[    33.447] (II) event12 - Dell WMI hotkeys: is tagged by udev as: Keyboard
[    33.447] (II) event12 - Dell WMI hotkeys: device is a keyboard
[    33.448] (II) config/udev: Adding input device AT Translated Set 2 keyboard (/dev/input/event3)
[    33.448] (**) AT Translated Set 2 keyboard: Applying InputClass "libinput keyboard catchall"
[    33.448] (II) Using input driver 'libinput' for 'AT Translated Set 2 keyboard'
[    33.448] (II) systemd-logind: got fd for /dev/input/event3 13:67 fd 39 paused 0
[    33.448] (**) AT Translated Set 2 keyboard: always reports core events
[    33.448] (**) Option "Device" "/dev/input/event3"
[    33.449] (II) event3  - AT Translated Set 2 keyboard: is tagged by udev as: Keyboard
[    33.449] (II) event3  - AT Translated Set 2 keyboard: device is a keyboard
[    33.450] (II) event3  - AT Translated Set 2 keyboard: device removed
[    33.450] (**) Option "config_info" "udev:/sys/devices/platform/i8042/serio0/input/input3/event3"
[    33.450] (II) XINPUT: Adding extended input device "AT Translated Set 2 keyboard" (type: KEYBOARD, id 17)
[    33.450] (**) Option "xkb_model" "pc105"
[    33.450] (**) Option "xkb_layout" "es"
[    33.451] (II) event3  - AT Translated Set 2 keyboard: is tagged by udev as: Keyboard
[    33.451] (II) event3  - AT Translated Set 2 keyboard: device is a keyboard
[    33.452] (II) config/udev: Adding input device PS/2 Generic Mouse (/dev/input/event6)
[    33.452] (**) PS/2 Generic Mouse: Applying InputClass "libinput pointer catchall"
[    33.452] (II) Using input driver 'libinput' for 'PS/2 Generic Mouse'
[    33.452] (II) systemd-logind: got fd for /dev/input/event6 13:70 fd 40 paused 0
[    33.452] (**) PS/2 Generic Mouse: always reports core events
[    33.452] (**) Option "Device" "/dev/input/event6"
[    33.453] (II) event6  - PS/2 Generic Mouse: is tagged by udev as: Mouse
[    33.453] (II) event6  - PS/2 Generic Mouse: device is a pointer
[    33.453] (II) event6  - PS/2 Generic Mouse: device removed
[    33.453] (II) libinput: PS/2 Generic Mouse: Step value 0 was provided, libinput Fallback acceleration function is used.
[    33.453] (II) libinput: PS/2 Generic Mouse: Step value 0 was provided, libinput Fallback acceleration function is used.
[    33.453] (II) libinput: PS/2 Generic Mouse: Step value 0 was provided, libinput Fallback acceleration function is used.
[    33.453] (**) Option "config_info" "udev:/sys/devices/platform/i8042/serio1/input/input6/event6"
[    33.453] (II) XINPUT: Adding extended input device "PS/2 Generic Mouse" (type: MOUSE, id 18)
[    33.453] (**) Option "AccelerationScheme" "none"
[    33.453] (**) PS/2 Generic Mouse: (accel) selected scheme none/0
[    33.453] (**) PS/2 Generic Mouse: (accel) acceleration factor: 2.000
[    33.453] (**) PS/2 Generic Mouse: (accel) acceleration threshold: 4
[    33.453] (II) event6  - PS/2 Generic Mouse: is tagged by udev as: Mouse
[    33.453] (II) event6  - PS/2 Generic Mouse: device is a pointer
[    33.454] (II) config/udev: Adding input device PS/2 Generic Mouse (/dev/input/mouse2)
[    33.454] (II) No input driver specified, ignoring this device.
[    33.454] (II) This device may have been added with another device file.
[    33.474] (**) Logitech Wireless Keyboard PID:4023: Applying InputClass "libinput keyboard catchall"
[    33.474] (II) Using input driver 'libinput' for 'Logitech Wireless Keyboard PID:4023'
[    33.474] (II) systemd-logind: returning pre-existing fd for /dev/input/event7 13:71
[    33.474] (**) Logitech Wireless Keyboard PID:4023: always reports core events
[    33.474] (**) Option "Device" "/dev/input/event7"
[    33.474] (II) libinput: Logitech Wireless Keyboard PID:4023: is a virtual subdevice
[    33.474] (**) Option "config_info" "udev:/sys/devices/pci0000:00/0000:00:14.0/usb3/3-3/3-3:1.1/0003:046D:C534.0006/0003:046D:4023.0007/input/input29/event7"
[    33.474] (II) XINPUT: Adding extended input device "Logitech Wireless Keyboard PID:4023" (type: KEYBOARD, id 19)
[    33.474] (**) Option "xkb_model" "pc105"
[    33.474] (**) Option "xkb_layout" "es"
[    33.474] (**) Logitech Wireless Mouse: Applying InputClass "libinput pointer catchall"
[    33.474] (**) Logitech Wireless Mouse: Applying InputClass "libinput keyboard catchall"
[    33.474] (II) Using input driver 'libinput' for 'Logitech Wireless Mouse'
[    33.474] (II) systemd-logind: returning pre-existing fd for /dev/input/event8 13:72
[    33.474] (**) Logitech Wireless Mouse: always reports core events
[    33.474] (**) Option "Device" "/dev/input/event8"
[    33.474] (II) libinput: Logitech Wireless Mouse: is a virtual subdevice
[    33.474] (II) libinput: Logitech Wireless Mouse: Step value 0 was provided, libinput Fallback acceleration function is used.
[    33.474] (II) libinput: Logitech Wireless Mouse: Step value 0 was provided, libinput Fallback acceleration function is used.
[    33.474] (II) libinput: Logitech Wireless Mouse: Step value 0 was provided, libinput Fallback acceleration function is used.
[    33.474] (**) Option "config_info" "udev:/sys/devices/pci0000:00/0000:00:14.0/usb3/3-3/3-3:1.1/0003:046D:C534.0006/0003:046D:4091.0008/input/input30/event8"
[    33.474] (II) XINPUT: Adding extended input device "Logitech Wireless Mouse" (type: KEYBOARD, id 20)
[    33.474] (**) Option "xkb_model" "pc105"
[    33.474] (**) Option "xkb_layout" "es"
[    33.807] (II) modeset(0): EDID vendor "SAM", prod id 28820
[    33.807] (II) modeset(0): Using EDID range info for horizontal sync
[    33.807] (II) modeset(0): Using EDID range info for vertical refresh
[    33.807] (II) modeset(0): Printing DDC gathered Modelines:
[    33.807] (II) modeset(0): Modeline "1920x1080"x0.0  148.50  1920 2008 2052 2200  1080 1084 1089 1125 +hsync +vsync (67.5 kHz eP)
[    33.807] (II) modeset(0): Modeline "1280x720"x0.0   74.25  1280 1720 1760 1980  720 725 730 750 +hsync +vsync (37.5 kHz e)
[    33.807] (II) modeset(0): Modeline "720x576"x0.0   27.00  720 732 796 864  576 581 586 625 -hsync -vsync (31.2 kHz e)
[    33.807] (II) modeset(0): Modeline "720x480"x0.0   27.00  720 736 798 858  480 489 495 525 -hsync -vsync (31.5 kHz e)
[    33.807] (II) modeset(0): Modeline "1280x720"x0.0   74.25  1280 1390 1430 1650  720 725 730 750 +hsync +vsync (45.0 kHz e)
[    33.807] (II) modeset(0): Modeline "1920x1080"x0.0  174.50  1920 1968 2000 2080  1080 1083 1088 1119 +hsync -vsync (83.9 kHz e)
[    33.807] (II) modeset(0): Modeline "1920x1080"x0.0  148.50  1920 2448 2492 2640  1080 1084 1089 1125 +hsync +vsync (56.2 kHz e)
[    33.807] (II) modeset(0): Modeline "800x600"x0.0   40.00  800 840 968 1056  600 601 605 628 +hsync +vsync (37.9 kHz e)
[    33.807] (II) modeset(0): Modeline "800x600"x0.0   36.00  800 824 896 1024  600 601 603 625 +hsync +vsync (35.2 kHz e)
[    33.807] (II) modeset(0): Modeline "640x480"x0.0   31.50  640 656 720 840  480 481 484 500 -hsync -vsync (37.5 kHz e)
[    33.807] (II) modeset(0): Modeline "640x480"x0.0   31.50  640 664 704 832  480 489 492 520 -hsync -vsync (37.9 kHz e)
[    33.807] (II) modeset(0): Modeline "640x480"x0.0   30.24  640 704 768 864  480 483 486 525 -hsync -vsync (35.0 kHz e)
[    33.807] (II) modeset(0): Modeline "640x480"x0.0   25.18  640 656 752 800  480 490 492 525 -hsync -vsync (31.5 kHz e)
[    33.807] (II) modeset(0): Modeline "720x400"x0.0   28.32  720 738 846 900  400 412 414 449 -hsync +vsync (31.5 kHz e)
[    33.807] (II) modeset(0): Modeline "1280x1024"x0.0  135.00  1280 1296 1440 1688  1024 1025 1028 1066 +hsync +vsync (80.0 kHz e)
[    33.807] (II) modeset(0): Modeline "1024x768"x0.0   78.75  1024 1040 1136 1312  768 769 772 800 +hsync +vsync (60.0 kHz e)
[    33.807] (II) modeset(0): Modeline "1024x768"x0.0   75.00  1024 1048 1184 1328  768 771 777 806 -hsync -vsync (56.5 kHz e)
[    33.807] (II) modeset(0): Modeline "1024x768"x0.0   65.00  1024 1048 1184 1344  768 771 777 806 -hsync -vsync (48.4 kHz e)
[    33.807] (II) modeset(0): Modeline "832x624"x0.0   57.28  832 864 928 1152  624 625 628 667 -hsync -vsync (49.7 kHz e)
[    33.807] (II) modeset(0): Modeline "800x600"x0.0   49.50  800 816 896 1056  600 601 604 625 +hsync +vsync (46.9 kHz e)
[    33.807] (II) modeset(0): Modeline "800x600"x0.0   50.00  800 856 976 1040  600 637 643 666 +hsync +vsync (48.1 kHz e)
[    33.807] (II) modeset(0): Modeline "1152x864"x0.0  108.00  1152 1216 1344 1600  864 865 868 900 +hsync +vsync (67.5 kHz e)
[    33.807] (II) modeset(0): Modeline "1280x800"x0.0   71.00  1280 1328 1360 1440  800 803 809 823 +hsync -vsync (49.3 kHz e)
[    33.807] (II) modeset(0): Modeline "1280x1024"x0.0  108.00  1280 1328 1440 1688  1024 1025 1028 1066 +hsync +vsync (64.0 kHz e)
[    33.807] (II) modeset(0): Modeline "1440x900"x0.0   88.75  1440 1488 1520 1600  900 903 909 926 +hsync -vsync (55.5 kHz e)
[    33.807] (II) modeset(0): Modeline "1600x900"x60.0  119.00  1600 1696 1864 2128  900 901 904 932 -hsync +vsync (55.9 kHz e)
[    33.807] (II) modeset(0): Modeline "1680x1050"x0.0  119.00  1680 1728 1760 1840  1050 1053 1059 1080 +hsync -vsync (64.7 kHz e)
[    33.807] (--) modeset(0): HDMI max TMDS frequency 180000KHz
[    33.991] (II) modeset(0): EDID vendor "SAM", prod id 28820
[    33.991] (II) modeset(0): Using hsync ranges from config file
[    33.991] (II) modeset(0): Using vrefresh ranges from config file
[    33.991] (II) modeset(0): Printing DDC gathered Modelines:
[    33.991] (II) modeset(0): Modeline "1920x1080"x0.0  148.50  1920 2008 2052 2200  1080 1084 1089 1125 +hsync +vsync (67.5 kHz eP)
[    33.991] (II) modeset(0): Modeline "1280x720"x0.0   74.25  1280 1720 1760 1980  720 725 730 750 +hsync +vsync (37.5 kHz e)
[    33.991] (II) modeset(0): Modeline "720x576"x0.0   27.00  720 732 796 864  576 581 586 625 -hsync -vsync (31.2 kHz e)
[    33.991] (II) modeset(0): Modeline "720x480"x0.0   27.00  720 736 798 858  480 489 495 525 -hsync -vsync (31.5 kHz e)
[    33.991] (II) modeset(0): Modeline "1280x720"x0.0   74.25  1280 1390 1430 1650  720 725 730 750 +hsync +vsync (45.0 kHz e)
[    33.991] (II) modeset(0): Modeline "1920x1080"x0.0  174.50  1920 1968 2000 2080  1080 1083 1088 1119 +hsync -vsync (83.9 kHz e)
[    33.991] (II) modeset(0): Modeline "1920x1080"x0.0  148.50  1920 2448 2492 2640  1080 1084 1089 1125 +hsync +vsync (56.2 kHz e)
[    33.991] (II) modeset(0): Modeline "800x600"x0.0   40.00  800 840 968 1056  600 601 605 628 +hsync +vsync (37.9 kHz e)
[    33.991] (II) modeset(0): Modeline "800x600"x0.0   36.00  800 824 896 1024  600 601 603 625 +hsync +vsync (35.2 kHz e)
[    33.991] (II) modeset(0): Modeline "640x480"x0.0   31.50  640 656 720 840  480 481 484 500 -hsync -vsync (37.5 kHz e)
[    33.991] (II) modeset(0): Modeline "640x480"x0.0   31.50  640 664 704 832  480 489 492 520 -hsync -vsync (37.9 kHz e)
[    33.991] (II) modeset(0): Modeline "640x480"x0.0   30.24  640 704 768 864  480 483 486 525 -hsync -vsync (35.0 kHz e)
[    33.991] (II) modeset(0): Modeline "640x480"x0.0   25.18  640 656 752 800  480 490 492 525 -hsync -vsync (31.5 kHz e)
[    33.991] (II) modeset(0): Modeline "720x400"x0.0   28.32  720 738 846 900  400 412 414 449 -hsync +vsync (31.5 kHz e)
[    33.991] (II) modeset(0): Modeline "1280x1024"x0.0  135.00  1280 1296 1440 1688  1024 1025 1028 1066 +hsync +vsync (80.0 kHz e)
[    33.991] (II) modeset(0): Modeline "1024x768"x0.0   78.75  1024 1040 1136 1312  768 769 772 800 +hsync +vsync (60.0 kHz e)
[    33.991] (II) modeset(0): Modeline "1024x768"x0.0   75.00  1024 1048 1184 1328  768 771 777 806 -hsync -vsync (56.5 kHz e)
[    33.991] (II) modeset(0): Modeline "1024x768"x0.0   65.00  1024 1048 1184 1344  768 771 777 806 -hsync -vsync (48.4 kHz e)
[    33.991] (II) modeset(0): Modeline "832x624"x0.0   57.28  832 864 928 1152  624 625 628 667 -hsync -vsync (49.7 kHz e)
[    33.991] (II) modeset(0): Modeline "800x600"x0.0   49.50  800 816 896 1056  600 601 604 625 +hsync +vsync (46.9 kHz e)
[    33.991] (II) modeset(0): Modeline "800x600"x0.0   50.00  800 856 976 1040  600 637 643 666 +hsync +vsync (48.1 kHz e)
[    33.991] (II) modeset(0): Modeline "1152x864"x0.0  108.00  1152 1216 1344 1600  864 865 868 900 +hsync +vsync (67.5 kHz e)
[    33.991] (II) modeset(0): Modeline "1280x800"x0.0   71.00  1280 1328 1360 1440  800 803 809 823 +hsync -vsync (49.3 kHz e)
[    33.991] (II) modeset(0): Modeline "1280x1024"x0.0  108.00  1280 1328 1440 1688  1024 1025 1028 1066 +hsync +vsync (64.0 kHz e)
[    33.991] (II) modeset(0): Modeline "1440x900"x0.0   88.75  1440 1488 1520 1600  900 903 909 926 +hsync -vsync (55.5 kHz e)
[    33.991] (II) modeset(0): Modeline "1600x900"x60.0  119.00  1600 1696 1864 2128  900 901 904 932 -hsync +vsync (55.9 kHz e)
[    33.991] (II) modeset(0): Modeline "1680x1050"x0.0  119.00  1680 1728 1760 1840  1050 1053 1059 1080 +hsync -vsync (64.7 kHz e)
[    33.991] (--) modeset(0): HDMI max TMDS frequency 180000KHz
[    34.040] (II) modeset(0): EDID vendor "SAM", prod id 28820
[    34.040] (II) modeset(0): Using hsync ranges from config file
[    34.040] (II) modeset(0): Using vrefresh ranges from config file
[    34.040] (II) modeset(0): Printing DDC gathered Modelines:
[    34.040] (II) modeset(0): Modeline "1920x1080"x0.0  148.50  1920 2008 2052 2200  1080 1084 1089 1125 +hsync +vsync (67.5 kHz eP)
[    34.041] (II) modeset(0): Modeline "1280x720"x0.0   74.25  1280 1720 1760 1980  720 725 730 750 +hsync +vsync (37.5 kHz e)
[    34.041] (II) modeset(0): Modeline "720x576"x0.0   27.00  720 732 796 864  576 581 586 625 -hsync -vsync (31.2 kHz e)
[    34.041] (II) modeset(0): Modeline "720x480"x0.0   27.00  720 736 798 858  480 489 495 525 -hsync -vsync (31.5 kHz e)
[    34.041] (II) modeset(0): Modeline "1280x720"x0.0   74.25  1280 1390 1430 1650  720 725 730 750 +hsync +vsync (45.0 kHz e)
[    34.041] (II) modeset(0): Modeline "1920x1080"x0.0  174.50  1920 1968 2000 2080  1080 1083 1088 1119 +hsync -vsync (83.9 kHz e)
[    34.041] (II) modeset(0): Modeline "1920x1080"x0.0  148.50  1920 2448 2492 2640  1080 1084 1089 1125 +hsync +vsync (56.2 kHz e)
[    34.041] (II) modeset(0): Modeline "800x600"x0.0   40.00  800 840 968 1056  600 601 605 628 +hsync +vsync (37.9 kHz e)
[    34.041] (II) modeset(0): Modeline "800x600"x0.0   36.00  800 824 896 1024  600 601 603 625 +hsync +vsync (35.2 kHz e)
[    34.041] (II) modeset(0): Modeline "640x480"x0.0   31.50  640 656 720 840  480 481 484 500 -hsync -vsync (37.5 kHz e)
[    34.041] (II) modeset(0): Modeline "640x480"x0.0   31.50  640 664 704 832  480 489 492 520 -hsync -vsync (37.9 kHz e)
[    34.041] (II) modeset(0): Modeline "640x480"x0.0   30.24  640 704 768 864  480 483 486 525 -hsync -vsync (35.0 kHz e)
[    34.041] (II) modeset(0): Modeline "640x480"x0.0   25.18  640 656 752 800  480 490 492 525 -hsync -vsync (31.5 kHz e)
[    34.041] (II) modeset(0): Modeline "720x400"x0.0   28.32  720 738 846 900  400 412 414 449 -hsync +vsync (31.5 kHz e)
[    34.041] (II) modeset(0): Modeline "1280x1024"x0.0  135.00  1280 1296 1440 1688  1024 1025 1028 1066 +hsync +vsync (80.0 kHz e)
[    34.041] (II) modeset(0): Modeline "1024x768"x0.0   78.75  1024 1040 1136 1312  768 769 772 800 +hsync +vsync (60.0 kHz e)
[    34.041] (II) modeset(0): Modeline "1024x768"x0.0   75.00  1024 1048 1184 1328  768 771 777 806 -hsync -vsync (56.5 kHz e)
[    34.041] (II) modeset(0): Modeline "1024x768"x0.0   65.00  1024 1048 1184 1344  768 771 777 806 -hsync -vsync (48.4 kHz e)
[    34.041] (II) modeset(0): Modeline "832x624"x0.0   57.28  832 864 928 1152  624 625 628 667 -hsync -vsync (49.7 kHz e)
[    34.041] (II) modeset(0): Modeline "800x600"x0.0   49.50  800 816 896 1056  600 601 604 625 +hsync +vsync (46.9 kHz e)
[    34.041] (II) modeset(0): Modeline "800x600"x0.0   50.00  800 856 976 1040  600 637 643 666 +hsync +vsync (48.1 kHz e)
[    34.041] (II) modeset(0): Modeline "1152x864"x0.0  108.00  1152 1216 1344 1600  864 865 868 900 +hsync +vsync (67.5 kHz e)
[    34.041] (II) modeset(0): Modeline "1280x800"x0.0   71.00  1280 1328 1360 1440  800 803 809 823 +hsync -vsync (49.3 kHz e)
[    34.041] (II) modeset(0): Modeline "1280x1024"x0.0  108.00  1280 1328 1440 1688  1024 1025 1028 1066 +hsync +vsync (64.0 kHz e)
[    34.041] (II) modeset(0): Modeline "1440x900"x0.0   88.75  1440 1488 1520 1600  900 903 909 926 +hsync -vsync (55.5 kHz e)
[    34.041] (II) modeset(0): Modeline "1600x900"x60.0  119.00  1600 1696 1864 2128  900 901 904 932 -hsync +vsync (55.9 kHz e)
[    34.041] (II) modeset(0): Modeline "1680x1050"x0.0  119.00  1680 1728 1760 1840  1050 1053 1059 1080 +hsync -vsync (64.7 kHz e)
[    34.041] (--) modeset(0): HDMI max TMDS frequency 180000KHz
[    40.207] (II) config/udev: Adding input device S47 (AVRCP) (/dev/input/event19)
[    40.207] (**) S47 (AVRCP): Applying InputClass "libinput keyboard catchall"
[    40.207] (II) Using input driver 'libinput' for 'S47 (AVRCP)'
[    40.208] (II) systemd-logind: got fd for /dev/input/event19 13:83 fd 87 paused 0
[    40.208] (**) S47 (AVRCP): always reports core events
[    40.208] (**) Option "Device" "/dev/input/event19"
[    40.209] (II) event19 - S47 (AVRCP): is tagged by udev as: Keyboard
[    40.210] (II) event19 - S47 (AVRCP): device is a keyboard
[    40.210] (II) event19 - S47 (AVRCP): device removed
[    40.210] (**) Option "config_info" "udev:/sys/devices/virtual/input/input43/event19"
[    40.210] (II) XINPUT: Adding extended input device "S47 (AVRCP)" (type: KEYBOARD, id 21)
[    40.210] (**) Option "xkb_model" "pc105"
[    40.210] (**) Option "xkb_layout" "es"
[    40.210] (WW) Option "xkb_variant" requires a string value
[    40.210] (WW) Option "xkb_options" requires a string value
[    40.212] (II) event19 - S47 (AVRCP): is tagged by udev as: Keyboard
[    40.212] (II) event19 - S47 (AVRCP): device is a keyboard
[   882.280] (II) event19 - S47 (AVRCP): device removed
[   882.286] (II) config/udev: removing device S47 (AVRCP)
[   882.287] (**) Option "fd" "87"
[   882.288] (II) UnloadModule: "libinput"
[   882.288] (II) systemd-logind: releasing fd for 13:83
[  3402.322] (II) modeset(0): EDID vendor "BOE", prod id 2340
[  3402.322] (II) modeset(0): Printing DDC gathered Modelines:
[  3402.322] (II) modeset(0): Modeline "1920x1080"x0.0  147.84  1920 1968 2000 2200  1080 1083 1089 1120 +hsync -vsync (67.2 kHz eP)
[  3402.322] (II) modeset(0): Modeline "1920x1080"x0.0  118.28  1920 1968 2000 2200  1080 1083 1089 1120 +hsync -vsync (53.8 kHz e)
[  3403.022] (II) modeset(0): EDID vendor "BOE", prod id 2340
[  3403.022] (II) modeset(0): Printing DDC gathered Modelines:
[  3403.022] (II) modeset(0): Modeline "1920x1080"x0.0  147.84  1920 1968 2000 2200  1080 1083 1089 1120 +hsync -vsync (67.2 kHz eP)
[  3403.022] (II) modeset(0): Modeline "1920x1080"x0.0  118.28  1920 1968 2000 2200  1080 1083 1089 1120 +hsync -vsync (53.8 kHz e)
[  3403.057] (--) modeset(0): HDMI max TMDS frequency 180000KHz
[  3403.107] (II) modeset(0): EDID vendor "SAM", prod id 28820
[  3403.107] (II) modeset(0): Using hsync ranges from config file
[  3403.107] (II) modeset(0): Using vrefresh ranges from config file
[  3403.107] (II) modeset(0): Printing DDC gathered Modelines:
[  3403.107] (II) modeset(0): Modeline "1920x1080"x0.0  148.50  1920 2008 2052 2200  1080 1084 1089 1125 +hsync +vsync (67.5 kHz eP)
[  3403.107] (II) modeset(0): Modeline "1280x720"x0.0   74.25  1280 1720 1760 1980  720 725 730 750 +hsync +vsync (37.5 kHz e)
[  3403.107] (II) modeset(0): Modeline "720x576"x0.0   27.00  720 732 796 864  576 581 586 625 -hsync -vsync (31.2 kHz e)
[  3403.107] (II) modeset(0): Modeline "720x480"x0.0   27.00  720 736 798 858  480 489 495 525 -hsync -vsync (31.5 kHz e)
[  3403.107] (II) modeset(0): Modeline "1280x720"x0.0   74.25  1280 1390 1430 1650  720 725 730 750 +hsync +vsync (45.0 kHz e)
[  3403.107] (II) modeset(0): Modeline "1920x1080"x0.0  174.50  1920 1968 2000 2080  1080 1083 1088 1119 +hsync -vsync (83.9 kHz e)
[  3403.107] (II) modeset(0): Modeline "1920x1080"x0.0  148.50  1920 2448 2492 2640  1080 1084 1089 1125 +hsync +vsync (56.2 kHz e)
[  3403.107] (II) modeset(0): Modeline "800x600"x0.0   40.00  800 840 968 1056  600 601 605 628 +hsync +vsync (37.9 kHz e)
[  3403.107] (II) modeset(0): Modeline "800x600"x0.0   36.00  800 824 896 1024  600 601 603 625 +hsync +vsync (35.2 kHz e)
[  3403.107] (II) modeset(0): Modeline "640x480"x0.0   31.50  640 656 720 840  480 481 484 500 -hsync -vsync (37.5 kHz e)
[  3403.107] (II) modeset(0): Modeline "640x480"x0.0   31.50  640 664 704 832  480 489 492 520 -hsync -vsync (37.9 kHz e)
[  3403.107] (II) modeset(0): Modeline "640x480"x0.0   30.24  640 704 768 864  480 483 486 525 -hsync -vsync (35.0 kHz e)
[  3403.107] (II) modeset(0): Modeline "640x480"x0.0   25.18  640 656 752 800  480 490 492 525 -hsync -vsync (31.5 kHz e)
[  3403.107] (II) modeset(0): Modeline "720x400"x0.0   28.32  720 738 846 900  400 412 414 449 -hsync +vsync (31.5 kHz e)
[  3403.107] (II) modeset(0): Modeline "1280x1024"x0.0  135.00  1280 1296 1440 1688  1024 1025 1028 1066 +hsync +vsync (80.0 kHz e)
[  3403.107] (II) modeset(0): Modeline "1024x768"x0.0   78.75  1024 1040 1136 1312  768 769 772 800 +hsync +vsync (60.0 kHz e)
[  3403.107] (II) modeset(0): Modeline "1024x768"x0.0   75.00  1024 1048 1184 1328  768 771 777 806 -hsync -vsync (56.5 kHz e)
[  3403.107] (II) modeset(0): Modeline "1024x768"x0.0   65.00  1024 1048 1184 1344  768 771 777 806 -hsync -vsync (48.4 kHz e)
[  3403.107] (II) modeset(0): Modeline "832x624"x0.0   57.28  832 864 928 1152  624 625 628 667 -hsync -vsync (49.7 kHz e)
[  3403.107] (II) modeset(0): Modeline "800x600"x0.0   49.50  800 816 896 1056  600 601 604 625 +hsync +vsync (46.9 kHz e)
[  3403.107] (II) modeset(0): Modeline "800x600"x0.0   50.00  800 856 976 1040  600 637 643 666 +hsync +vsync (48.1 kHz e)
[  3403.107] (II) modeset(0): Modeline "1152x864"x0.0  108.00  1152 1216 1344 1600  864 865 868 900 +hsync +vsync (67.5 kHz e)
[  3403.107] (II) modeset(0): Modeline "1280x800"x0.0   71.00  1280 1328 1360 1440  800 803 809 823 +hsync -vsync (49.3 kHz e)
[  3403.107] (II) modeset(0): Modeline "1280x1024"x0.0  108.00  1280 1328 1440 1688  1024 1025 1028 1066 +hsync +vsync (64.0 kHz e)
[  3403.107] (II) modeset(0): Modeline "1440x900"x0.0   88.75  1440 1488 1520 1600  900 903 909 926 +hsync -vsync (55.5 kHz e)
[  3403.107] (II) modeset(0): Modeline "1600x900"x60.0  119.00  1600 1696 1864 2128  900 901 904 932 -hsync +vsync (55.9 kHz e)
[  3403.107] (II) modeset(0): Modeline "1680x1050"x0.0  119.00  1680 1728 1760 1840  1050 1053 1059 1080 +hsync -vsync (64.7 kHz e)
[  3403.107] (--) modeset(0): HDMI max TMDS frequency 180000KHz
[  3459.784] (II) config/udev: Adding input device S47 (AVRCP) (/dev/input/event19)
[  3459.784] (**) S47 (AVRCP): Applying InputClass "libinput keyboard catchall"
[  3459.784] (II) Using input driver 'libinput' for 'S47 (AVRCP)'
[  3459.785] (II) systemd-logind: got fd for /dev/input/event19 13:83 fd 109 paused 0
[  3459.785] (**) S47 (AVRCP): always reports core events
[  3459.785] (**) Option "Device" "/dev/input/event19"
[  3459.786] (II) event19 - S47 (AVRCP): is tagged by udev as: Keyboard
[  3459.786] (II) event19 - S47 (AVRCP): device is a keyboard
[  3459.786] (II) event19 - S47 (AVRCP): device removed
[  3459.787] (**) Option "config_info" "udev:/sys/devices/virtual/input/input44/event19"
[  3459.787] (II) XINPUT: Adding extended input device "S47 (AVRCP)" (type: KEYBOARD, id 21)
[  3459.787] (**) Option "xkb_model" "pc105"
[  3459.787] (**) Option "xkb_layout" "es"
[  3459.787] (WW) Option "xkb_variant" requires a string value
[  3459.787] (WW) Option "xkb_options" requires a string value
[  3459.788] (II) event19 - S47 (AVRCP): is tagged by udev as: Keyboard
[  3459.788] (II) event19 - S47 (AVRCP): device is a keyboard
[  3463.071] (II) event19 - S47 (AVRCP): device removed
[  3463.077] (II) config/udev: removing device S47 (AVRCP)
[  3463.077] (**) Option "fd" "109"
[  3463.078] (II) UnloadModule: "libinput"
[  3463.078] (II) systemd-logind: releasing fd for 13:83
[  3465.107] (II) config/udev: Adding input device S47 (AVRCP) (/dev/input/event19)
[  3465.107] (**) S47 (AVRCP): Applying InputClass "libinput keyboard catchall"
[  3465.107] (II) Using input driver 'libinput' for 'S47 (AVRCP)'
[  3465.108] (II) systemd-logind: got fd for /dev/input/event19 13:83 fd 87 paused 0
[  3465.108] (**) S47 (AVRCP): always reports core events
[  3465.108] (**) Option "Device" "/dev/input/event19"
[  3465.109] (II) event19 - S47 (AVRCP): is tagged by udev as: Keyboard
[  3465.109] (II) event19 - S47 (AVRCP): device is a keyboard
[  3465.109] (II) event19 - S47 (AVRCP): device removed
[  3465.109] (**) Option "config_info" "udev:/sys/devices/virtual/input/input45/event19"
[  3465.109] (II) XINPUT: Adding extended input device "S47 (AVRCP)" (type: KEYBOARD, id 21)
[  3465.109] (**) Option "xkb_model" "pc105"
[  3465.109] (**) Option "xkb_layout" "es"
[  3465.110] (WW) Option "xkb_variant" requires a string value
[  3465.110] (WW) Option "xkb_options" requires a string value
[  3465.111] (II) event19 - S47 (AVRCP): is tagged by udev as: Keyboard
[  3465.111] (II) event19 - S47 (AVRCP): device is a keyboard
[  3785.925] (II) event19 - S47 (AVRCP): device removed
[  3785.930] (II) config/udev: removing device S47 (AVRCP)
[  3785.930] (**) Option "fd" "87"
[  3785.932] (II) UnloadModule: "libinput"
[  3785.932] (II) systemd-logind: releasing fd for 13:83
[  3840.179] (II) config/udev: Adding input device S47 (AVRCP) (/dev/input/event19)
[  3840.179] (**) S47 (AVRCP): Applying InputClass "libinput keyboard catchall"
[  3840.179] (II) Using input driver 'libinput' for 'S47 (AVRCP)'
[  3840.180] (II) systemd-logind: got fd for /dev/input/event19 13:83 fd 121 paused 0
[  3840.181] (**) S47 (AVRCP): always reports core events
[  3840.181] (**) Option "Device" "/dev/input/event19"
[  3840.182] (II) event19 - S47 (AVRCP): is tagged by udev as: Keyboard
[  3840.182] (II) event19 - S47 (AVRCP): device is a keyboard
[  3840.182] (II) event19 - S47 (AVRCP): device removed
[  3840.182] (**) Option "config_info" "udev:/sys/devices/virtual/input/input46/event19"
[  3840.182] (II) XINPUT: Adding extended input device "S47 (AVRCP)" (type: KEYBOARD, id 21)
[  3840.182] (**) Option "xkb_model" "pc105"
[  3840.182] (**) Option "xkb_layout" "es"
[  3840.182] (WW) Option "xkb_variant" requires a string value
[  3840.182] (WW) Option "xkb_options" requires a string value
[  3840.184] (II) event19 - S47 (AVRCP): is tagged by udev as: Keyboard
[  3840.184] (II) event19 - S47 (AVRCP): device is a keyboard
[  3843.342] (II) event19 - S47 (AVRCP): device removed
[  3843.348] (II) config/udev: removing device S47 (AVRCP)
[  3843.348] (**) Option "fd" "121"
[  3843.349] (II) UnloadModule: "libinput"
[  3843.349] (II) systemd-logind: releasing fd for 13:83
[  3845.373] (II) config/udev: Adding input device S47 (AVRCP) (/dev/input/event19)
[  3845.373] (**) S47 (AVRCP): Applying InputClass "libinput keyboard catchall"
[  3845.373] (II) Using input driver 'libinput' for 'S47 (AVRCP)'
[  3845.374] (II) systemd-logind: got fd for /dev/input/event19 13:83 fd 121 paused 0
[  3845.374] (**) S47 (AVRCP): always reports core events
[  3845.374] (**) Option "Device" "/dev/input/event19"
[  3845.375] (II) event19 - S47 (AVRCP): is tagged by udev as: Keyboard
[  3845.375] (II) event19 - S47 (AVRCP): device is a keyboard
[  3845.376] (II) event19 - S47 (AVRCP): device removed
[  3845.376] (**) Option "config_info" "udev:/sys/devices/virtual/input/input47/event19"
[  3845.376] (II) XINPUT: Adding extended input device "S47 (AVRCP)" (type: KEYBOARD, id 21)
[  3845.376] (**) Option "xkb_model" "pc105"
[  3845.376] (**) Option "xkb_layout" "es"
[  3845.376] (WW) Option "xkb_variant" requires a string value
[  3845.376] (WW) Option "xkb_options" requires a string value
[  3845.377] (II) event19 - S47 (AVRCP): is tagged by udev as: Keyboard
[  3845.378] (II) event19 - S47 (AVRCP): device is a keyboard
[  7248.918] (II) event19 - S47 (AVRCP): device removed
[  7248.925] (II) config/udev: removing device S47 (AVRCP)
[  7248.926] (**) Option "fd" "121"
[  7248.927] (II) UnloadModule: "libinput"
[  7248.927] (II) systemd-logind: releasing fd for 13:83
[  9160.427] (II) config/udev: Adding input device S47 (AVRCP) (/dev/input/event19)
[  9160.427] (**) S47 (AVRCP): Applying InputClass "libinput keyboard catchall"
[  9160.427] (II) Using input driver 'libinput' for 'S47 (AVRCP)'
[  9160.428] (II) systemd-logind: got fd for /dev/input/event19 13:83 fd 118 paused 0
[  9160.428] (**) S47 (AVRCP): always reports core events
[  9160.428] (**) Option "Device" "/dev/input/event19"
[  9160.429] (II) event19 - S47 (AVRCP): is tagged by udev as: Keyboard
[  9160.429] (II) event19 - S47 (AVRCP): device is a keyboard
[  9160.430] (II) event19 - S47 (AVRCP): device removed
[  9160.430] (**) Option "config_info" "udev:/sys/devices/virtual/input/input48/event19"
[  9160.430] (II) XINPUT: Adding extended input device "S47 (AVRCP)" (type: KEYBOARD, id 21)
[  9160.430] (**) Option "xkb_model" "pc105"
[  9160.430] (**) Option "xkb_layout" "es"
[  9160.430] (WW) Option "xkb_variant" requires a string value
[  9160.430] (WW) Option "xkb_options" requires a string value
[  9160.431] (II) event19 - S47 (AVRCP): is tagged by udev as: Keyboard
[  9160.431] (II) event19 - S47 (AVRCP): device is a keyboard
[  9163.665] (II) event19 - S47 (AVRCP): device removed
[  9163.670] (II) config/udev: removing device S47 (AVRCP)
[  9163.670] (**) Option "fd" "118"
[  9163.671] (II) UnloadModule: "libinput"
[  9163.671] (II) systemd-logind: releasing fd for 13:83
[  9165.336] (II) config/udev: Adding input device S47 (AVRCP) (/dev/input/event19)
[  9165.337] (**) S47 (AVRCP): Applying InputClass "libinput keyboard catchall"
[  9165.337] (II) Using input driver 'libinput' for 'S47 (AVRCP)'
[  9165.338] (II) systemd-logind: got fd for /dev/input/event19 13:83 fd 116 paused 0
[  9165.338] (**) S47 (AVRCP): always reports core events
[  9165.338] (**) Option "Device" "/dev/input/event19"
[  9165.339] (II) event19 - S47 (AVRCP): is tagged by udev as: Keyboard
[  9165.339] (II) event19 - S47 (AVRCP): device is a keyboard
[  9165.340] (II) event19 - S47 (AVRCP): device removed
[  9165.340] (**) Option "config_info" "udev:/sys/devices/virtual/input/input49/event19"
[  9165.340] (II) XINPUT: Adding extended input device "S47 (AVRCP)" (type: KEYBOARD, id 21)
[  9165.340] (**) Option "xkb_model" "pc105"
[  9165.340] (**) Option "xkb_layout" "es"
[  9165.340] (WW) Option "xkb_variant" requires a string value
[  9165.340] (WW) Option "xkb_options" requires a string value
[  9165.343] (II) event19 - S47 (AVRCP): is tagged by udev as: Keyboard
[  9165.343] (II) event19 - S47 (AVRCP): device is a keyboard
[ 11573.507] (II) event19 - S47 (AVRCP): device removed
[ 11573.512] (II) config/udev: removing device S47 (AVRCP)
[ 11573.512] (**) Option "fd" "116"
[ 11573.513] (II) UnloadModule: "libinput"
[ 11573.513] (II) systemd-logind: releasing fd for 13:83
[ 12536.918] (II) config/udev: Adding input device S47 (AVRCP) (/dev/input/event19)
[ 12536.918] (**) S47 (AVRCP): Applying InputClass "libinput keyboard catchall"
[ 12536.918] (II) Using input driver 'libinput' for 'S47 (AVRCP)'
[ 12536.920] (II) systemd-logind: got fd for /dev/input/event19 13:83 fd 122 paused 0
[ 12536.920] (**) S47 (AVRCP): always reports core events
[ 12536.920] (**) Option "Device" "/dev/input/event19"
[ 12536.921] (II) event19 - S47 (AVRCP): is tagged by udev as: Keyboard
[ 12536.922] (II) event19 - S47 (AVRCP): device is a keyboard
[ 12536.922] (II) event19 - S47 (AVRCP): device removed
[ 12536.922] (**) Option "config_info" "udev:/sys/devices/virtual/input/input50/event19"
[ 12536.922] (II) XINPUT: Adding extended input device "S47 (AVRCP)" (type: KEYBOARD, id 21)
[ 12536.922] (**) Option "xkb_model" "pc105"
[ 12536.922] (**) Option "xkb_layout" "es"
[ 12536.922] (WW) Option "xkb_variant" requires a string value
[ 12536.923] (WW) Option "xkb_options" requires a string value
[ 12536.925] (II) event19 - S47 (AVRCP): is tagged by udev as: Keyboard
[ 12536.925] (II) event19 - S47 (AVRCP): device is a keyboard
[ 12540.192] (II) event19 - S47 (AVRCP): device removed
[ 12540.198] (II) config/udev: removing device S47 (AVRCP)
[ 12540.198] (**) Option "fd" "122"
[ 12540.200] (II) UnloadModule: "libinput"
[ 12540.200] (II) systemd-logind: releasing fd for 13:83
[ 12542.239] (II) config/udev: Adding input device S47 (AVRCP) (/dev/input/event19)
[ 12542.239] (**) S47 (AVRCP): Applying InputClass "libinput keyboard catchall"
[ 12542.239] (II) Using input driver 'libinput' for 'S47 (AVRCP)'
[ 12542.241] (II) systemd-logind: got fd for /dev/input/event19 13:83 fd 121 paused 0
[ 12542.241] (**) S47 (AVRCP): always reports core events
[ 12542.241] (**) Option "Device" "/dev/input/event19"
[ 12542.243] (II) event19 - S47 (AVRCP): is tagged by udev as: Keyboard
[ 12542.244] (II) event19 - S47 (AVRCP): device is a keyboard
[ 12542.244] (II) event19 - S47 (AVRCP): device removed
[ 12542.245] (**) Option "config_info" "udev:/sys/devices/virtual/input/input51/event19"
[ 12542.245] (II) XINPUT: Adding extended input device "S47 (AVRCP)" (type: KEYBOARD, id 21)
[ 12542.245] (**) Option "xkb_model" "pc105"
[ 12542.245] (**) Option "xkb_layout" "es"
[ 12542.245] (WW) Option "xkb_variant" requires a string value
[ 12542.245] (WW) Option "xkb_options" requires a string value
[ 12542.247] (II) event19 - S47 (AVRCP): is tagged by udev as: Keyboard
[ 12542.247] (II) event19 - S47 (AVRCP): device is a keyboard
[ 16329.615] (**) Option "fd" "26"
[ 16329.615] (II) event13 - Video Bus: device removed
[ 16329.615] (**) Option "fd" "29"
[ 16329.615] (II) event1  - Power Button: device removed
[ 16329.615] (**) Option "fd" "30"
[ 16329.615] (II) event2  - Sleep Button: device removed
[ 16329.615] (**) Option "fd" "31"
[ 16329.615] (**) Option "fd" "32"
[ 16329.615] (**) Option "fd" "33"
[ 16329.615] (II) event4  - VEN_0488:00 0488:1042 Mouse: device removed
[ 16329.616] (**) Option "fd" "34"
[ 16329.616] (II) event5  - VEN_0488:00 0488:1042 Touchpad: device removed
[ 16329.618] (**) Option "fd" "35"
[ 16329.618] (II) event9  - Intel HID events: device removed
[ 16329.618] (**) Option "fd" "36"
[ 16329.618] (II) event10 - Intel HID 5 button array: device removed
[ 16329.618] (**) Option "fd" "37"
[ 16329.618] (II) event11 - Dell Privacy Driver: device removed
[ 16329.618] (**) Option "fd" "38"
[ 16329.618] (II) event12 - Dell WMI hotkeys: device removed
[ 16329.618] (**) Option "fd" "39"
[ 16329.618] (II) event3  - AT Translated Set 2 keyboard: device removed
[ 16329.618] (**) Option "fd" "40"
[ 16329.618] (II) event6  - PS/2 Generic Mouse: device removed
[ 16329.618] (**) Option "fd" "31"
[ 16329.618] (II) event7  - Logitech Wireless Keyboard PID:4023: device removed
[ 16329.618] (**) Option "fd" "32"
[ 16329.618] (II) event8  - Logitech Wireless Mouse: device removed
[ 16329.618] (**) Option "fd" "121"
[ 16329.618] (II) event19 - S47 (AVRCP): device removed
[ 16329.638] (II) UnloadModule: "libinput"
[ 16329.638] (II) systemd-logind: releasing fd for 13:83
[ 16329.738] (EE) systemd-logind: failed to release device: Device not taken
[ 16329.751] (II) UnloadModule: "libinput"
[ 16329.751] (II) systemd-logind: not releasing fd for 13:72, still in use
[ 16329.751] (II) UnloadModule: "libinput"
[ 16329.751] (II) systemd-logind: not releasing fd for 13:71, still in use
[ 16329.751] (II) UnloadModule: "libinput"
[ 16329.751] (II) systemd-logind: releasing fd for 13:70
[ 16329.751] (II) UnloadModule: "libinput"
[ 16329.751] (II) systemd-logind: releasing fd for 13:67
[ 16329.751] (II) UnloadModule: "libinput"
[ 16329.751] (II) systemd-logind: releasing fd for 13:76
[ 16329.752] (II) UnloadModule: "libinput"
[ 16329.752] (II) systemd-logind: releasing fd for 13:75
[ 16329.752] (II) UnloadModule: "libinput"
[ 16329.752] (II) systemd-logind: releasing fd for 13:74
[ 16329.752] (II) UnloadModule: "libinput"
[ 16329.752] (II) systemd-logind: releasing fd for 13:73
[ 16329.753] (II) UnloadModule: "libinput"
[ 16329.753] (II) systemd-logind: releasing fd for 13:69
[ 16329.753] (II) UnloadModule: "libinput"
[ 16329.753] (II) systemd-logind: releasing fd for 13:68
[ 16329.753] (II) UnloadModule: "libinput"
[ 16329.753] (II) systemd-logind: releasing fd for 13:72
[ 16329.754] (II) UnloadModule: "libinput"
[ 16329.754] (II) systemd-logind: releasing fd for 13:71
[ 16329.754] (II) UnloadModule: "libinput"
[ 16329.754] (II) systemd-logind: releasing fd for 13:66
[ 16329.754] (II) UnloadModule: "libinput"
[ 16329.754] (II) systemd-logind: releasing fd for 13:65
[ 16329.755] (II) UnloadModule: "libinput"
[ 16329.755] (II) systemd-logind: releasing fd for 13:77
[ 16329.788] (WW) xf86CloseConsole: KDSETMODE failed: Input/output error
[ 16329.788] (WW) xf86CloseConsole: VT_GETMODE failed: Input/output error
[ 16329.789] (II) Server terminated successfully (0). Closing log file.
